<?xml version="1.0" encoding="UTF-8"?>
<!-- Generated by org.testng.reporters.JUnitXMLReporter -->
<testsuite ignored="0" hostname="DESKTOP-7RJRI28" failures="0" tests="4" name="Default test" time="8.571" errors="0" timestamp="2023-06-17T13:13:15 IST">
  <testcase classname="api.test.UserTest2" name="testpostuser" time="3.01"/>
  <testcase classname="api.test.UserTest2" name="testgetuser" time="1.67"/>
  <testcase classname="api.test.UserTest2" name="testupdateUser" time="1.941"/>
  <testcase classname="api.test.UserTest2" name="testdeleteUser" time="1.738"/>
</testsuite> <!-- Default test -->
