<?xml version="1.0" encoding="UTF-8"?>
<!-- Generated by org.testng.reporters.JUnitXMLReporter -->
<testsuite ignored="0" hostname="DESKTOP-7RJRI28" failures="0" tests="8" name="Test" time="14.785" errors="0" timestamp="2023-06-17T15:00:42 IST">
  <testcase classname="api.test.UserTest" name="testpostuser" time="3.511"/>
  <testcase classname="api.test.UserTest" name="testgetuser" time="1.638"/>
  <testcase classname="api.test.UserTest" name="testupdateUser" time="1.51"/>
  <testcase classname="api.test.UserTest" name="testdeleteUser" time="1.559"/>
  <testcase classname="api.test.UserTest2" name="testpostuser" time="1.534"/>
  <testcase classname="api.test.UserTest2" name="testgetuser" time="1.534"/>
  <testcase classname="api.test.UserTest2" name="testupdateUser" time="1.521"/>
  <testcase classname="api.test.UserTest2" name="testdeleteUser" time="1.578"/>
</testsuite> <!-- Test -->
