<?xml version="1.0" encoding="UTF-8"?>
<testsuite xmlns:xsi="http://www.w3.org/2001/XMLSchema-instance" xsi:noNamespaceSchemaLocation="https://maven.apache.org/surefire/maven-surefire-plugin/xsd/surefire-test-report-3.0.xsd" version="3.0" name="TestSuite" time="15.999" tests="8" errors="0" skipped="0" failures="0">
  <properties>
[...]
</properties>
  <testcase name="testpostuser" classname="api.test.UserTest" time="3.515">
    <system-out><![CDATA[HTTP/1.1 200 OK
Date: Sat, 17 Jun 2023 09:30:31 GMT
Content-Type: application/json
Transfer-Encoding: chunked
Connection: keep-alive
Access-Control-Allow-Origin: *
Access-Control-Allow-Methods: GET, POST, DELETE, PUT
Access-Control-Allow-Headers: Content-Type, api_key, Authorization
Server: Jetty(9.2.9.v20150224)

{
    "code": 200,
    "type": "unknown",
    "message": "1370074462"
}
]]></system-out>
    <system-err><![CDATA[SLF4J: Failed to load class "org.slf4j.impl.StaticLoggerBinder".
SLF4J: Defaulting to no-operation (NOP) logger implementation
SLF4J: See http://www.slf4j.org/codes.html#StaticLoggerBinder for further details.
]]></system-err>
  </testcase>
  <testcase name="testgetuser" classname="api.test.UserTest" time="1.647">
    <system-out><![CDATA[HTTP/1.1 200 OK
Date: Sat, 17 Jun 2023 09:30:32 GMT
Content-Type: application/json
Transfer-Encoding: chunked
Connection: keep-alive
Access-Control-Allow-Origin: *
Access-Control-Allow-Methods: GET, POST, DELETE, PUT
Access-Control-Allow-Headers: Content-Type, api_key, Authorization
Server: Jetty(9.2.9.v20150224)

{
    "id": 1370074462,
    "username": "jerrica.crooks",
    "email": "emmitt.wiegand@example.com",
    "password": "dfxhql",
    "phone": "1-753-031-7082",
    "userStatus": 0
}
]]></system-out>
  </testcase>
  <testcase name="testupdateUser" classname="api.test.UserTest" time="1.501">
    <system-out><![CDATA[HTTP/1.1 200 OK
Date: Sat, 17 Jun 2023 09:30:34 GMT
Content-Type: application/json
Transfer-Encoding: chunked
Connection: keep-alive
Access-Control-Allow-Origin: *
Access-Control-Allow-Methods: GET, POST, DELETE, PUT
Access-Control-Allow-Headers: Content-Type, api_key, Authorization
Server: Jetty(9.2.9.v20150224)

{
    "code": 200,
    "type": "unknown",
    "message": "1370074462"
}
]]></system-out>
  </testcase>
  <testcase name="testdeleteUser" classname="api.test.UserTest" time="1.556"/>
  <testcase name="testpostuser" classname="api.test.UserTest2" time="1.538">
    <system-out><![CDATA[HTTP/1.1 200 OK
Date: Sat, 17 Jun 2023 09:30:37 GMT
Content-Type: application/json
Transfer-Encoding: chunked
Connection: keep-alive
Access-Control-Allow-Origin: *
Access-Control-Allow-Methods: GET, POST, DELETE, PUT
Access-Control-Allow-Headers: Content-Type, api_key, Authorization
Server: Jetty(9.2.9.v20150224)

{
    "code": 200,
    "type": "unknown",
    "message": "347377465"
}
]]></system-out>
  </testcase>
  <testcase name="testgetuser" classname="api.test.UserTest2" time="1.542">
    <system-out><![CDATA[HTTP/1.1 200 OK
Date: Sat, 17 Jun 2023 09:30:39 GMT
Content-Type: application/json
Transfer-Encoding: chunked
Connection: keep-alive
Access-Control-Allow-Origin: *
Access-Control-Allow-Methods: GET, POST, DELETE, PUT
Access-Control-Allow-Headers: Content-Type, api_key, Authorization
Server: Jetty(9.2.9.v20150224)

{
    "id": 347377465,
    "username": "freddie.hammes",
    "email": "adam.shanahan@example.com",
    "password": "4vwwxcdc9",
    "phone": "885.882.4778",
    "userStatus": 0
}
]]></system-out>
  </testcase>
  <testcase name="testupdateUser" classname="api.test.UserTest2" time="1.514">
    <system-out><![CDATA[HTTP/1.1 200 OK
Date: Sat, 17 Jun 2023 09:30:40 GMT
Content-Type: application/json
Transfer-Encoding: chunked
Connection: keep-alive
Access-Control-Allow-Origin: *
Access-Control-Allow-Methods: GET, POST, DELETE, PUT
Access-Control-Allow-Headers: Content-Type, api_key, Authorization
Server: Jetty(9.2.9.v20150224)

{
    "code": 200,
    "type": "unknown",
    "message": "347377465"
}
]]></system-out>
  </testcase>
  <testcase name="testdeleteUser" classname="api.test.UserTest2" time="1.575"/>
</testsuite>