<?xml version="1.0" encoding="UTF-8"?>
<testng-results ignored="0" total="8" passed="8" failed="0" skipped="0">
  <reporter-output>
  </reporter-output>
  <suite started-at="2023-06-17T15:00:27 IST" name="Suite" finished-at="2023-06-17T15:00:42 IST" duration-ms="14785">
    <groups>
    </groups>
    <test started-at="2023-06-17T15:00:27 IST" name="Test" finished-at="2023-06-17T15:00:42 IST" duration-ms="14785">
      <class name="api.test.UserTest">
        <test-method is-config="true" signature="setupData()[pri:0, instance:api.test.UserTest@1a942c18]" started-at="2023-06-17T15:00:27 IST" name="setupData" finished-at="2023-06-17T15:00:27 IST" duration-ms="255" status="PASS">
          <reporter-output>
          </reporter-output>
        </test-method> <!-- setupData -->
        <test-method signature="testpostuser()[pri:1, instance:api.test.UserTest@1a942c18]" started-at="2023-06-17T15:00:27 IST" name="testpostuser" finished-at="2023-06-17T15:00:31 IST" duration-ms="3511" status="PASS">
          <reporter-output>
          </reporter-output>
        </test-method> <!-- testpostuser -->
        <test-method signature="testgetuser()[pri:2, instance:api.test.UserTest@1a942c18]" started-at="2023-06-17T15:00:31 IST" name="testgetuser" finished-at="2023-06-17T15:00:32 IST" duration-ms="1638" status="PASS">
          <reporter-output>
          </reporter-output>
        </test-method> <!-- testgetuser -->
        <test-method signature="testupdateUser()[pri:3, instance:api.test.UserTest@1a942c18]" started-at="2023-06-17T15:00:32 IST" name="testupdateUser" finished-at="2023-06-17T15:00:34 IST" duration-ms="1510" status="PASS">
          <reporter-output>
          </reporter-output>
        </test-method> <!-- testupdateUser -->
        <test-method signature="testdeleteUser()[pri:4, instance:api.test.UserTest@1a942c18]" started-at="2023-06-17T15:00:34 IST" name="testdeleteUser" finished-at="2023-06-17T15:00:36 IST" duration-ms="1559" status="PASS">
          <reporter-output>
          </reporter-output>
        </test-method> <!-- testdeleteUser -->
      </class> <!-- api.test.UserTest -->
      <class name="api.test.UserTest2">
        <test-method is-config="true" signature="setupData()[pri:0, instance:api.test.UserTest2@5ab956d7]" started-at="2023-06-17T15:00:36 IST" name="setupData" finished-at="2023-06-17T15:00:36 IST" duration-ms="75" status="PASS">
          <reporter-output>
          </reporter-output>
        </test-method> <!-- setupData -->
        <test-method signature="testpostuser()[pri:1, instance:api.test.UserTest2@5ab956d7]" started-at="2023-06-17T15:00:36 IST" name="testpostuser" finished-at="2023-06-17T15:00:37 IST" duration-ms="1534" status="PASS">
          <reporter-output>
          </reporter-output>
        </test-method> <!-- testpostuser -->
        <test-method signature="testgetuser()[pri:2, instance:api.test.UserTest2@5ab956d7]" started-at="2023-06-17T15:00:37 IST" name="testgetuser" finished-at="2023-06-17T15:00:39 IST" duration-ms="1534" status="PASS">
          <reporter-output>
          </reporter-output>
        </test-method> <!-- testgetuser -->
        <test-method signature="testupdateUser()[pri:3, instance:api.test.UserTest2@5ab956d7]" started-at="2023-06-17T15:00:39 IST" name="testupdateUser" finished-at="2023-06-17T15:00:40 IST" duration-ms="1521" status="PASS">
          <reporter-output>
          </reporter-output>
        </test-method> <!-- testupdateUser -->
        <test-method signature="testdeleteUser()[pri:4, instance:api.test.UserTest2@5ab956d7]" started-at="2023-06-17T15:00:40 IST" name="testdeleteUser" finished-at="2023-06-17T15:00:42 IST" duration-ms="1578" status="PASS">
          <reporter-output>
          </reporter-output>
        </test-method> <!-- testdeleteUser -->
      </class> <!-- api.test.UserTest2 -->
    </test> <!-- Test -->
  </suite> <!-- Suite -->
</testng-results>
