<?xml version="1.0" encoding="UTF-8"?>
<testng-results ignored="0" total="4" passed="4" failed="0" skipped="0">
  <reporter-output>
  </reporter-output>
  <suite started-at="2023-06-17T13:13:06 IST" name="Default suite" finished-at="2023-06-17T13:13:15 IST" duration-ms="8571">
    <groups>
    </groups>
    <test started-at="2023-06-17T13:13:06 IST" name="Default test" finished-at="2023-06-17T13:13:15 IST" duration-ms="8571">
      <class name="api.test.UserTest2">
        <test-method is-config="true" signature="setupData()[pri:0, instance:api.test.UserTest2@4b0d79fc]" started-at="2023-06-17T13:13:06 IST" name="setupData" finished-at="2023-06-17T13:13:07 IST" duration-ms="171" status="PASS">
          <reporter-output>
          </reporter-output>
        </test-method> <!-- setupData -->
        <test-method signature="testpostuser()[pri:1, instance:api.test.UserTest2@4b0d79fc]" started-at="2023-06-17T13:13:07 IST" name="testpostuser" finished-at="2023-06-17T13:13:10 IST" duration-ms="3010" status="PASS">
          <reporter-output>
          </reporter-output>
        </test-method> <!-- testpostuser -->
        <test-method signature="testgetuser()[pri:2, instance:api.test.UserTest2@4b0d79fc]" started-at="2023-06-17T13:13:10 IST" name="testgetuser" finished-at="2023-06-17T13:13:11 IST" duration-ms="1670" status="PASS">
          <reporter-output>
          </reporter-output>
        </test-method> <!-- testgetuser -->
        <test-method signature="testupdateUser()[pri:3, instance:api.test.UserTest2@4b0d79fc]" started-at="2023-06-17T13:13:11 IST" name="testupdateUser" finished-at="2023-06-17T13:13:13 IST" duration-ms="1941" status="PASS">
          <reporter-output>
          </reporter-output>
        </test-method> <!-- testupdateUser -->
        <test-method signature="testdeleteUser()[pri:4, instance:api.test.UserTest2@4b0d79fc]" started-at="2023-06-17T13:13:13 IST" name="testdeleteUser" finished-at="2023-06-17T13:13:15 IST" duration-ms="1738" status="PASS">
          <reporter-output>
          </reporter-output>
        </test-method> <!-- testdeleteUser -->
      </class> <!-- api.test.UserTest2 -->
    </test> <!-- Default test -->
  </suite> <!-- Default suite -->
</testng-results>
